2019-09-05 13:11:40.921 ERROR 15517 --- [main] o.s.b.c.l.LoggingApplicationListener     : Cannot set level '' for 'null'
2019-09-05 13:11:40.921 ERROR 15517 --- [main] o.s.b.c.l.LoggingApplicationListener     : Cannot set level 'FULL' for 'project.user.UserClient'
2019-09-05 13:11:40.931  INFO 15517 --- [main] CustomerServiceMicroserviciosApplication : No active profile set, falling back to default profiles: default
2019-09-05 13:11:41.268  INFO 15517 --- [main] .s.d.r.c.RepositoryConfigurationDelegate : Bootstrapping Spring Data repositories in DEFAULT mode.
2019-09-05 13:11:41.306  INFO 15517 --- [main] .s.d.r.c.RepositoryConfigurationDelegate : Finished Spring Data repository scanning in 34ms. Found 1 repository interfaces.
2019-09-05 13:11:41.484  INFO 15517 --- [main] o.s.cloud.context.scope.GenericScope     : BeanFactory id=0dbf4110-3cff-3fae-8c70-d8f30afffade
2019-09-05 13:11:41.504  INFO 15517 --- [main] trationDelegate$BeanPostProcessorChecker : Bean 'com.example.demo.service.AccountService' of type [org.springframework.cloud.openfeign.FeignClientFactoryBean] is not eligible for getting processed by all BeanPostProcessors (for example: not eligible for auto-proxying)
2019-09-05 13:11:41.561  INFO 15517 --- [main] trationDelegate$BeanPostProcessorChecker : Bean 'org.springframework.transaction.annotation.ProxyTransactionManagementConfiguration' of type [org.springframework.transaction.annotation.ProxyTransactionManagementConfiguration$$EnhancerBySpringCGLIB$$b3093543] is not eligible for getting processed by all BeanPostProcessors (for example: not eligible for auto-proxying)
2019-09-05 13:11:41.574  INFO 15517 --- [main] trationDelegate$BeanPostProcessorChecker : Bean 'org.springframework.cloud.autoconfigure.ConfigurationPropertiesRebinderAutoConfiguration' of type [org.springframework.cloud.autoconfigure.ConfigurationPropertiesRebinderAutoConfiguration$$EnhancerBySpringCGLIB$$cf233840] is not eligible for getting processed by all BeanPostProcessors (for example: not eligible for auto-proxying)
2019-09-05 13:11:41.710  INFO 15517 --- [main] o.s.b.w.embedded.tomcat.TomcatWebServer  : Tomcat initialized with port(s): 6161 (http)
2019-09-05 13:11:41.726  INFO 15517 --- [main] o.apache.catalina.core.StandardService   : Starting service [Tomcat]
2019-09-05 13:11:41.727  INFO 15517 --- [main] org.apache.catalina.core.StandardEngine  : Starting Servlet engine: [Apache Tomcat/9.0.22]
2019-09-05 13:11:41.821  INFO 15517 --- [main] o.a.c.c.C.[Tomcat].[localhost].[/]       : Initializing Spring embedded WebApplicationContext
2019-09-05 13:11:41.821  INFO 15517 --- [main] o.s.web.context.ContextLoader            : Root WebApplicationContext: initialization completed in 880 ms
2019-09-05 13:11:41.967  INFO 15517 --- [main] com.zaxxer.hikari.HikariDataSource       : HikariPool-1 - Starting...
2019-09-05 13:11:41.968  WARN 15517 --- [main] com.zaxxer.hikari.util.DriverDataSource  : Registered driver with driverClassName=org.hsqldb.jdbcDriver was not found, trying direct instantiation.
2019-09-05 13:11:42.183  INFO 15517 --- [main] com.zaxxer.hikari.pool.PoolBase          : HikariPool-1 - Driver does not support get/set network timeout for connections. (feature not supported)
2019-09-05 13:11:42.185  INFO 15517 --- [main] com.zaxxer.hikari.HikariDataSource       : HikariPool-1 - Start completed.
2019-09-05 13:11:42.219  INFO 15517 --- [main] o.hibernate.jpa.internal.util.LogHelper  : HHH000204: Processing PersistenceUnitInfo [
	name: default
	...]
2019-09-05 13:11:42.251  INFO 15517 --- [main] org.hibernate.Version                    : HHH000412: Hibernate Core {5.3.10.Final}
2019-09-05 13:11:42.252  INFO 15517 --- [main] org.hibernate.cfg.Environment            : HHH000206: hibernate.properties not found
2019-09-05 13:11:42.317  INFO 15517 --- [main] o.hibernate.annotations.common.Version   : HCANN000001: Hibernate Commons Annotations {5.0.4.Final}
2019-09-05 13:11:42.383  INFO 15517 --- [main] org.hibernate.dialect.Dialect            : HHH000400: Using dialect: org.hibernate.dialect.HSQLDialect
2019-09-05 13:11:42.692  INFO 15517 --- [main] o.h.t.schema.internal.SchemaCreatorImpl  : HHH000476: Executing import script 'org.hibernate.tool.schema.internal.exec.ScriptSourceInputNonExistentImpl@1eeb5818'
2019-09-05 13:11:42.694  INFO 15517 --- [main] j.LocalContainerEntityManagerFactoryBean : Initialized JPA EntityManagerFactory for persistence unit 'default'
2019-09-05 13:11:43.062  WARN 15517 --- [main] c.n.c.sources.URLConfigurationSource     : No URLs will be polled as dynamic configuration sources.
2019-09-05 13:11:43.062  INFO 15517 --- [main] c.n.c.sources.URLConfigurationSource     : To enable URLs as dynamic configuration sources, define System property archaius.configurationSource.additionalUrls or make config.properties available on classpath.
2019-09-05 13:11:43.065  WARN 15517 --- [main] c.n.c.sources.URLConfigurationSource     : No URLs will be polled as dynamic configuration sources.
2019-09-05 13:11:43.065  INFO 15517 --- [main] c.n.c.sources.URLConfigurationSource     : To enable URLs as dynamic configuration sources, define System property archaius.configurationSource.additionalUrls or make config.properties available on classpath.
2019-09-05 13:11:43.181  INFO 15517 --- [main] o.s.s.concurrent.ThreadPoolTaskExecutor  : Initializing ExecutorService 'applicationTaskExecutor'
2019-09-05 13:11:43.204  WARN 15517 --- [main] aWebConfiguration$JpaWebMvcConfiguration : spring.jpa.open-in-view is enabled by default. Therefore, database queries may be performed during view rendering. Explicitly configure spring.jpa.open-in-view to disable this warning
2019-09-05 13:11:43.461  INFO 15517 --- [main] o.s.c.n.eureka.InstanceInfoFactory       : Setting initial instance status as: STARTING
2019-09-05 13:11:43.483  INFO 15517 --- [main] com.netflix.discovery.DiscoveryClient    : Initializing Eureka in region us-east-1
2019-09-05 13:11:43.778  INFO 15517 --- [main] c.n.d.provider.DiscoveryJerseyProvider   : Using JSON encoding codec LegacyJacksonJson
2019-09-05 13:11:43.778  INFO 15517 --- [main] c.n.d.provider.DiscoveryJerseyProvider   : Using JSON decoding codec LegacyJacksonJson
2019-09-05 13:11:43.855  INFO 15517 --- [main] c.n.d.provider.DiscoveryJerseyProvider   : Using XML encoding codec XStreamXml
2019-09-05 13:11:43.855  INFO 15517 --- [main] c.n.d.provider.DiscoveryJerseyProvider   : Using XML decoding codec XStreamXml
2019-09-05 13:11:43.987  INFO 15517 --- [main] c.n.d.s.r.aws.ConfigClusterResolver      : Resolving eureka endpoints via configuration
2019-09-05 13:11:43.997  INFO 15517 --- [main] com.netflix.discovery.DiscoveryClient    : Disable delta property : false
2019-09-05 13:11:43.997  INFO 15517 --- [main] com.netflix.discovery.DiscoveryClient    : Single vip registry refresh property : null
2019-09-05 13:11:43.997  INFO 15517 --- [main] com.netflix.discovery.DiscoveryClient    : Force full registry fetch : false
2019-09-05 13:11:43.998  INFO 15517 --- [main] com.netflix.discovery.DiscoveryClient    : Application is null : false
2019-09-05 13:11:43.998  INFO 15517 --- [main] com.netflix.discovery.DiscoveryClient    : Registered Applications size is zero : true
2019-09-05 13:11:43.998  INFO 15517 --- [main] com.netflix.discovery.DiscoveryClient    : Application version is -1: true
2019-09-05 13:11:43.998  INFO 15517 --- [main] com.netflix.discovery.DiscoveryClient    : Getting all instance registry info from the eureka server
2019-09-05 13:11:44.094  INFO 15517 --- [main] com.netflix.discovery.DiscoveryClient    : The response status is 200
2019-09-05 13:11:44.096  INFO 15517 --- [main] com.netflix.discovery.DiscoveryClient    : Starting heartbeat executor: renew interval is: 30
2019-09-05 13:11:44.098  INFO 15517 --- [main] c.n.discovery.InstanceInfoReplicator     : InstanceInfoReplicator onDemand update allowed rate per min is 4
2019-09-05 13:11:44.101  INFO 15517 --- [main] com.netflix.discovery.DiscoveryClient    : Discovery Client initialized at timestamp 1567707104100 with initial instances count: 1
2019-09-05 13:11:44.104  INFO 15517 --- [main] o.s.c.n.e.s.EurekaServiceRegistry        : Registering application CUSTOMER-SERVICE with eureka with status UP
2019-09-05 13:11:44.104  INFO 15517 --- [main] com.netflix.discovery.DiscoveryClient    : Saw local status change event StatusChangeEvent [timestamp=1567707104104, current=UP, previous=STARTING]
2019-09-05 13:11:44.105  INFO 15517 --- [DiscoveryClient-InstanceInfoReplicator-0] com.netflix.discovery.DiscoveryClient    : DiscoveryClient_CUSTOMER-SERVICE/192.168.194.18:customer-service:6161: registering service...
2019-09-05 13:11:44.123  INFO 15517 --- [main] o.s.b.w.embedded.tomcat.TomcatWebServer  : Tomcat started on port(s): 6161 (http) with context path ''
2019-09-05 13:11:44.124  INFO 15517 --- [main] .s.c.n.e.s.EurekaAutoServiceRegistration : Updating port to 6161
2019-09-05 13:11:44.125  INFO 15517 --- [main] CustomerServiceMicroserviciosApplication : Started CustomerServiceMicroserviciosApplication in 3.765 seconds (JVM running for 4.213)
2019-09-05 13:11:44.128  INFO 15517 --- [DiscoveryClient-InstanceInfoReplicator-0] com.netflix.discovery.DiscoveryClient    : DiscoveryClient_CUSTOMER-SERVICE/192.168.194.18:customer-service:6161 - registration status: 204
2019-09-05 13:16:43.999  INFO 15517 --- [AsyncResolver-bootstrap-executor-0] c.n.d.s.r.aws.ConfigClusterResolver      : Resolving eureka endpoints via configuration
2019-09-05 13:21:44.011  INFO 15517 --- [AsyncResolver-bootstrap-executor-0] c.n.d.s.r.aws.ConfigClusterResolver      : Resolving eureka endpoints via configuration
2019-09-05 13:24:35.227  INFO 15517 --- [RMI TCP Connection(35)-127.0.0.1] inMXBeanRegistrar$SpringApplicationAdmin : Application shutdown requested.
2019-09-05 13:24:35.228  INFO 15517 --- [RMI TCP Connection(35)-127.0.0.1] o.s.c.n.e.s.EurekaServiceRegistry        : Unregistering application CUSTOMER-SERVICE with eureka with status DOWN
2019-09-05 13:24:35.229  WARN 15517 --- [RMI TCP Connection(35)-127.0.0.1] com.netflix.discovery.DiscoveryClient    : Saw local status change event StatusChangeEvent [timestamp=1567707875228, current=DOWN, previous=UP]
2019-09-05 13:24:35.229  INFO 15517 --- [DiscoveryClient-InstanceInfoReplicator-0] com.netflix.discovery.DiscoveryClient    : DiscoveryClient_CUSTOMER-SERVICE/192.168.194.18:customer-service:6161: registering service...
2019-09-05 13:24:35.232  INFO 15517 --- [RMI TCP Connection(35)-127.0.0.1] o.s.s.concurrent.ThreadPoolTaskExecutor  : Shutting down ExecutorService 'applicationTaskExecutor'
2019-09-05 13:24:35.234  INFO 15517 --- [DiscoveryClient-InstanceInfoReplicator-0] com.netflix.discovery.DiscoveryClient    : DiscoveryClient_CUSTOMER-SERVICE/192.168.194.18:customer-service:6161 - registration status: 204
2019-09-05 13:24:35.235  INFO 15517 --- [RMI TCP Connection(35)-127.0.0.1] j.LocalContainerEntityManagerFactoryBean : Closing JPA EntityManagerFactory for persistence unit 'default'
2019-09-05 13:24:35.235  INFO 15517 --- [RMI TCP Connection(35)-127.0.0.1] .SchemaDropperImpl$DelayedDropActionImpl : HHH000477: Starting delayed evictData of schema as part of SessionFactory shut-down'
2019-09-05 13:24:35.237  INFO 15517 --- [RMI TCP Connection(35)-127.0.0.1] com.netflix.discovery.DiscoveryClient    : Shutting down DiscoveryClient ...
2019-09-05 13:24:38.238  INFO 15517 --- [RMI TCP Connection(35)-127.0.0.1] com.netflix.discovery.DiscoveryClient    : Unregistering ...
2019-09-05 13:24:38.243  INFO 15517 --- [RMI TCP Connection(35)-127.0.0.1] com.netflix.discovery.DiscoveryClient    : DiscoveryClient_CUSTOMER-SERVICE/192.168.194.18:customer-service:6161 - deregister  status: 200
2019-09-05 13:24:38.253  INFO 15517 --- [RMI TCP Connection(35)-127.0.0.1] com.netflix.discovery.DiscoveryClient    : Completed shut down of DiscoveryClient
2019-09-05 13:24:38.253  INFO 15517 --- [RMI TCP Connection(35)-127.0.0.1] com.zaxxer.hikari.HikariDataSource       : HikariPool-1 - Shutdown initiated...
2019-09-05 13:24:38.254  INFO 15517 --- [RMI TCP Connection(35)-127.0.0.1] com.zaxxer.hikari.HikariDataSource       : HikariPool-1 - Shutdown completed.
2019-09-05 13:24:38.261  INFO 15517 --- [RMI TCP Connection(35)-127.0.0.1] o.apache.catalina.core.StandardService   : Stopping service [Tomcat]
2019-09-05 13:24:39.845 ERROR 16382 --- [main] o.s.b.c.l.LoggingApplicationListener     : Cannot set level '' for 'null'
2019-09-05 13:24:39.845 ERROR 16382 --- [main] o.s.b.c.l.LoggingApplicationListener     : Cannot set level 'FULL' for 'project.user.UserClient'
2019-09-05 13:24:39.855  INFO 16382 --- [main] CustomerServiceMicroserviciosApplication : No active profile set, falling back to default profiles: default
2019-09-05 13:24:40.220  INFO 16382 --- [main] .s.d.r.c.RepositoryConfigurationDelegate : Bootstrapping Spring Data repositories in DEFAULT mode.
2019-09-05 13:24:40.265  INFO 16382 --- [main] .s.d.r.c.RepositoryConfigurationDelegate : Finished Spring Data repository scanning in 39ms. Found 1 repository interfaces.
2019-09-05 13:24:40.465  INFO 16382 --- [main] o.s.cloud.context.scope.GenericScope     : BeanFactory id=0dbf4110-3cff-3fae-8c70-d8f30afffade
2019-09-05 13:24:40.485  INFO 16382 --- [main] trationDelegate$BeanPostProcessorChecker : Bean 'com.example.demo.service.AccountService' of type [org.springframework.cloud.openfeign.FeignClientFactoryBean] is not eligible for getting processed by all BeanPostProcessors (for example: not eligible for auto-proxying)
2019-09-05 13:24:40.543  INFO 16382 --- [main] trationDelegate$BeanPostProcessorChecker : Bean 'org.springframework.transaction.annotation.ProxyTransactionManagementConfiguration' of type [org.springframework.transaction.annotation.ProxyTransactionManagementConfiguration$$EnhancerBySpringCGLIB$$d0e0fc52] is not eligible for getting processed by all BeanPostProcessors (for example: not eligible for auto-proxying)
2019-09-05 13:24:40.556  INFO 16382 --- [main] trationDelegate$BeanPostProcessorChecker : Bean 'org.springframework.cloud.autoconfigure.ConfigurationPropertiesRebinderAutoConfiguration' of type [org.springframework.cloud.autoconfigure.ConfigurationPropertiesRebinderAutoConfiguration$$EnhancerBySpringCGLIB$$ecfaff4f] is not eligible for getting processed by all BeanPostProcessors (for example: not eligible for auto-proxying)
2019-09-05 13:24:40.700  INFO 16382 --- [main] o.s.b.w.embedded.tomcat.TomcatWebServer  : Tomcat initialized with port(s): 6161 (http)
2019-09-05 13:24:40.716  INFO 16382 --- [main] o.apache.catalina.core.StandardService   : Starting service [Tomcat]
2019-09-05 13:24:40.717  INFO 16382 --- [main] org.apache.catalina.core.StandardEngine  : Starting Servlet engine: [Apache Tomcat/9.0.22]
2019-09-05 13:24:40.808  INFO 16382 --- [main] o.a.c.c.C.[Tomcat].[localhost].[/]       : Initializing Spring embedded WebApplicationContext
2019-09-05 13:24:40.808  INFO 16382 --- [main] o.s.web.context.ContextLoader            : Root WebApplicationContext: initialization completed in 943 ms
2019-09-05 13:24:40.941 ERROR 16382 --- [main] com.zaxxer.hikari.HikariConfig           : Failed to load driver class org.h2.Driver from HikariConfig class classloader sun.misc.Launcher$AppClassLoader@764c12b6
2019-09-05 13:24:40.956  WARN 16382 --- [main] ConfigServletWebServerApplicationContext : Exception encountered during context initialization - cancelling refresh attempt: org.springframework.beans.factory.UnsatisfiedDependencyException: Error creating bean with name 'entityManagerFactory' defined in class path resource [org/springframework/boot/autoconfigure/orm/jpa/HibernateJpaConfiguration.class]: Unsatisfied dependency expressed through method 'entityManagerFactory' parameter 0; nested exception is org.springframework.beans.factory.UnsatisfiedDependencyException: Error creating bean with name 'entityManagerFactoryBuilder' defined in class path resource [org/springframework/boot/autoconfigure/orm/jpa/HibernateJpaConfiguration.class]: Unsatisfied dependency expressed through method 'entityManagerFactoryBuilder' parameter 0; nested exception is org.springframework.beans.factory.BeanCreationException: Error creating bean with name 'jpaVendorAdapter' defined in class path resource [org/springframework/boot/autoconfigure/orm/jpa/HibernateJpaConfiguration.class]: Bean instantiation via factory method failed; nested exception is org.springframework.beans.BeanInstantiationException: Failed to instantiate [org.springframework.orm.jpa.JpaVendorAdapter]: Factory method 'jpaVendorAdapter' threw exception; nested exception is org.springframework.beans.factory.BeanCreationException: Error creating bean with name 'scopedTarget.dataSource' defined in class path resource [org/springframework/boot/autoconfigure/jdbc/DataSourceConfiguration$Hikari.class]: Bean instantiation via factory method failed; nested exception is org.springframework.beans.BeanInstantiationException: Failed to instantiate [com.zaxxer.hikari.HikariDataSource]: Factory method 'dataSource' threw exception; nested exception is org.springframework.boot.context.properties.bind.BindException: Failed to bind properties under '' to com.zaxxer.hikari.HikariDataSource
2019-09-05 13:24:40.958  INFO 16382 --- [main] o.apache.catalina.core.StandardService   : Stopping service [Tomcat]
2019-09-05 13:24:40.968  INFO 16382 --- [main] ConditionEvaluationReportLoggingListener : 

Error starting ApplicationContext. To display the conditions report re-run your application with 'debug' enabled.
2019-09-05 13:24:40.971 ERROR 16382 --- [main] o.s.b.d.LoggingFailureAnalysisReporter   : 

***************************
APPLICATION FAILED TO START
***************************

Description:

Failed to bind properties under '' to com.zaxxer.hikari.HikariDataSource:

    Property: driverclassname
    Value: org.h2.Driver
    Origin: "driverClassName" from property source "source"
    Reason: Failed to load driver class org.h2.Driver in either of HikariConfig class loader or Thread context classloader

Action:

Update your application's configuration

2019-09-05 13:26:14.245 ERROR 16487 --- [restartedMain] o.s.b.c.l.LoggingApplicationListener     : Cannot set level '' for 'null'
2019-09-05 13:26:14.245 ERROR 16487 --- [restartedMain] o.s.b.c.l.LoggingApplicationListener     : Cannot set level 'FULL' for 'project.user.UserClient'
2019-09-05 13:26:14.255  INFO 16487 --- [restartedMain] CustomerServiceMicroserviciosApplication : No active profile set, falling back to default profiles: default
2019-09-05 13:26:14.700  INFO 16487 --- [restartedMain] .s.d.r.c.RepositoryConfigurationDelegate : Bootstrapping Spring Data repositories in DEFAULT mode.
2019-09-05 13:26:14.765  INFO 16487 --- [restartedMain] .s.d.r.c.RepositoryConfigurationDelegate : Finished Spring Data repository scanning in 60ms. Found 1 repository interfaces.
2019-09-05 13:26:14.973  INFO 16487 --- [restartedMain] o.s.cloud.context.scope.GenericScope     : BeanFactory id=99f18eed-0204-371a-b80a-7c94307b95a9
2019-09-05 13:26:15.047  INFO 16487 --- [restartedMain] trationDelegate$BeanPostProcessorChecker : Bean 'org.springframework.transaction.annotation.ProxyTransactionManagementConfiguration' of type [org.springframework.transaction.annotation.ProxyTransactionManagementConfiguration$$EnhancerBySpringCGLIB$$b2a8c0e7] is not eligible for getting processed by all BeanPostProcessors (for example: not eligible for auto-proxying)
2019-09-05 13:26:15.063  INFO 16487 --- [restartedMain] trationDelegate$BeanPostProcessorChecker : Bean 'org.springframework.cloud.autoconfigure.ConfigurationPropertiesRebinderAutoConfiguration' of type [org.springframework.cloud.autoconfigure.ConfigurationPropertiesRebinderAutoConfiguration$$EnhancerBySpringCGLIB$$cec2c3e4] is not eligible for getting processed by all BeanPostProcessors (for example: not eligible for auto-proxying)
2019-09-05 13:26:15.391  INFO 16487 --- [restartedMain] o.s.b.w.embedded.tomcat.TomcatWebServer  : Tomcat initialized with port(s): 6161 (http)
2019-09-05 13:26:15.407  INFO 16487 --- [restartedMain] o.apache.catalina.core.StandardService   : Starting service [Tomcat]
2019-09-05 13:26:15.408  INFO 16487 --- [restartedMain] org.apache.catalina.core.StandardEngine  : Starting Servlet engine: [Apache Tomcat/9.0.22]
2019-09-05 13:26:15.472  INFO 16487 --- [restartedMain] o.a.c.c.C.[Tomcat].[localhost].[/]       : Initializing Spring embedded WebApplicationContext
2019-09-05 13:26:15.472  INFO 16487 --- [restartedMain] o.s.web.context.ContextLoader            : Root WebApplicationContext: initialization completed in 1205 ms
2019-09-05 13:26:15.669  INFO 16487 --- [restartedMain] com.zaxxer.hikari.HikariDataSource       : HikariPool-1 - Starting...
2019-09-05 13:26:15.743  INFO 16487 --- [restartedMain] com.zaxxer.hikari.HikariDataSource       : HikariPool-1 - Start completed.
2019-09-05 13:26:15.776  INFO 16487 --- [restartedMain] o.hibernate.jpa.internal.util.LogHelper  : HHH000204: Processing PersistenceUnitInfo [
	name: default
	...]
2019-09-05 13:26:15.807  INFO 16487 --- [restartedMain] org.hibernate.Version                    : HHH000412: Hibernate Core {5.3.10.Final}
2019-09-05 13:26:15.808  INFO 16487 --- [restartedMain] org.hibernate.cfg.Environment            : HHH000206: hibernate.properties not found
2019-09-05 13:26:15.875  INFO 16487 --- [restartedMain] o.hibernate.annotations.common.Version   : HCANN000001: Hibernate Commons Annotations {5.0.4.Final}
2019-09-05 13:26:15.942  INFO 16487 --- [restartedMain] org.hibernate.dialect.Dialect            : HHH000400: Using dialect: org.hibernate.dialect.H2Dialect
2019-09-05 13:26:16.345  INFO 16487 --- [restartedMain] j.LocalContainerEntityManagerFactoryBean : Initialized JPA EntityManagerFactory for persistence unit 'default'
2019-09-05 13:26:16.389  WARN 16487 --- [restartedMain] o.s.b.d.a.OptionalLiveReloadServer       : Unable to start LiveReload server
2019-09-05 13:26:16.717  WARN 16487 --- [restartedMain] c.n.c.sources.URLConfigurationSource     : No URLs will be polled as dynamic configuration sources.
2019-09-05 13:26:16.717  INFO 16487 --- [restartedMain] c.n.c.sources.URLConfigurationSource     : To enable URLs as dynamic configuration sources, define System property archaius.configurationSource.additionalUrls or make config.properties available on classpath.
2019-09-05 13:26:16.721  WARN 16487 --- [restartedMain] c.n.c.sources.URLConfigurationSource     : No URLs will be polled as dynamic configuration sources.
2019-09-05 13:26:16.721  INFO 16487 --- [restartedMain] c.n.c.sources.URLConfigurationSource     : To enable URLs as dynamic configuration sources, define System property archaius.configurationSource.additionalUrls or make config.properties available on classpath.
2019-09-05 13:26:16.867  INFO 16487 --- [restartedMain] o.s.s.concurrent.ThreadPoolTaskExecutor  : Initializing ExecutorService 'applicationTaskExecutor'
2019-09-05 13:26:16.893  WARN 16487 --- [restartedMain] aWebConfiguration$JpaWebMvcConfiguration : spring.jpa.open-in-view is enabled by default. Therefore, database queries may be performed during view rendering. Explicitly configure spring.jpa.open-in-view to disable this warning
2019-09-05 13:26:17.180  INFO 16487 --- [restartedMain] o.s.c.n.eureka.InstanceInfoFactory       : Setting initial instance status as: STARTING
2019-09-05 13:26:17.372  INFO 16487 --- [restartedMain] com.netflix.discovery.DiscoveryClient    : Initializing Eureka in region us-east-1
2019-09-05 13:26:17.517  INFO 16487 --- [restartedMain] c.n.d.provider.DiscoveryJerseyProvider   : Using JSON encoding codec LegacyJacksonJson
2019-09-05 13:26:17.517  INFO 16487 --- [restartedMain] c.n.d.provider.DiscoveryJerseyProvider   : Using JSON decoding codec LegacyJacksonJson
2019-09-05 13:26:17.590  INFO 16487 --- [restartedMain] c.n.d.provider.DiscoveryJerseyProvider   : Using XML encoding codec XStreamXml
2019-09-05 13:26:17.590  INFO 16487 --- [restartedMain] c.n.d.provider.DiscoveryJerseyProvider   : Using XML decoding codec XStreamXml
2019-09-05 13:26:17.709  INFO 16487 --- [restartedMain] c.n.d.s.r.aws.ConfigClusterResolver      : Resolving eureka endpoints via configuration
2019-09-05 13:26:17.719  INFO 16487 --- [restartedMain] com.netflix.discovery.DiscoveryClient    : Disable delta property : false
2019-09-05 13:26:17.719  INFO 16487 --- [restartedMain] com.netflix.discovery.DiscoveryClient    : Single vip registry refresh property : null
2019-09-05 13:26:17.719  INFO 16487 --- [restartedMain] com.netflix.discovery.DiscoveryClient    : Force full registry fetch : false
2019-09-05 13:26:17.719  INFO 16487 --- [restartedMain] com.netflix.discovery.DiscoveryClient    : Application is null : false
2019-09-05 13:26:17.720  INFO 16487 --- [restartedMain] com.netflix.discovery.DiscoveryClient    : Registered Applications size is zero : true
2019-09-05 13:26:17.720  INFO 16487 --- [restartedMain] com.netflix.discovery.DiscoveryClient    : Application version is -1: true
2019-09-05 13:26:17.720  INFO 16487 --- [restartedMain] com.netflix.discovery.DiscoveryClient    : Getting all instance registry info from the eureka server
2019-09-05 13:26:17.818  INFO 16487 --- [restartedMain] com.netflix.discovery.DiscoveryClient    : The response status is 200
2019-09-05 13:26:17.820  INFO 16487 --- [restartedMain] com.netflix.discovery.DiscoveryClient    : Starting heartbeat executor: renew interval is: 30
2019-09-05 13:26:17.822  INFO 16487 --- [restartedMain] c.n.discovery.InstanceInfoReplicator     : InstanceInfoReplicator onDemand update allowed rate per min is 4
2019-09-05 13:26:17.824  INFO 16487 --- [restartedMain] com.netflix.discovery.DiscoveryClient    : Discovery Client initialized at timestamp 1567707977824 with initial instances count: 2
2019-09-05 13:26:17.827  INFO 16487 --- [restartedMain] o.s.c.n.e.s.EurekaServiceRegistry        : Registering application CUSTOMER-SERVICE with eureka with status UP
2019-09-05 13:26:17.827  INFO 16487 --- [restartedMain] com.netflix.discovery.DiscoveryClient    : Saw local status change event StatusChangeEvent [timestamp=1567707977827, current=UP, previous=STARTING]
2019-09-05 13:26:17.828  INFO 16487 --- [DiscoveryClient-InstanceInfoReplicator-0] com.netflix.discovery.DiscoveryClient    : DiscoveryClient_CUSTOMER-SERVICE/192.168.194.18:customer-service:6161: registering service...
2019-09-05 13:26:17.854  INFO 16487 --- [restartedMain] o.s.b.w.embedded.tomcat.TomcatWebServer  : Tomcat started on port(s): 6161 (http) with context path ''
2019-09-05 13:26:17.855  INFO 16487 --- [restartedMain] .s.c.n.e.s.EurekaAutoServiceRegistration : Updating port to 6161
2019-09-05 13:26:17.857  INFO 16487 --- [restartedMain] CustomerServiceMicroserviciosApplication : Started CustomerServiceMicroserviciosApplication in 4.326 seconds (JVM running for 4.721)
2019-09-05 13:26:17.858  INFO 16487 --- [DiscoveryClient-InstanceInfoReplicator-0] com.netflix.discovery.DiscoveryClient    : DiscoveryClient_CUSTOMER-SERVICE/192.168.194.18:customer-service:6161 - registration status: 204
2019-09-05 13:26:58.622  INFO 16487 --- [http-nio-6161-exec-5] o.a.c.c.C.[Tomcat].[localhost].[/]       : Initializing Spring DispatcherServlet 'dispatcherServlet'
2019-09-05 13:26:58.623  INFO 16487 --- [http-nio-6161-exec-5] o.s.web.servlet.DispatcherServlet        : Initializing Servlet 'dispatcherServlet'
2019-09-05 13:26:58.632  INFO 16487 --- [http-nio-6161-exec-5] o.s.web.servlet.DispatcherServlet        : Completed initialization in 9 ms
2019-09-05 13:30:18.452  INFO 16487 --- [http-nio-6161-exec-2] o.h.h.i.QueryTranslatorFactoryInitiator  : HHH000397: Using ASTQueryTranslatorFactory
2019-09-05 13:30:18.702  INFO 16487 --- [http-nio-6161-exec-2] c.netflix.config.ChainedDynamicProperty  : Flipping property: account-service.ribbon.ActiveConnectionsLimit to use NEXT property: niws.loadbalancer.availabilityFilteringRule.activeConnectionsLimit = 2147483647
2019-09-05 13:30:18.721  INFO 16487 --- [http-nio-6161-exec-2] c.n.u.concurrent.ShutdownEnabledTimer    : Shutdown hook installed for: NFLoadBalancer-PingTimer-account-service
2019-09-05 13:30:18.722  INFO 16487 --- [http-nio-6161-exec-2] c.netflix.loadbalancer.BaseLoadBalancer  : Client: account-service instantiated a LoadBalancer: DynamicServerListLoadBalancer:{NFLoadBalancer:name=account-service,current list of Servers=[],Load balancer stats=Zone stats: {},Server stats: []}ServerList:null
2019-09-05 13:30:18.726  INFO 16487 --- [http-nio-6161-exec-2] c.n.l.DynamicServerListLoadBalancer      : Using serverListUpdater PollingServerListUpdater
2019-09-05 13:30:18.741  INFO 16487 --- [http-nio-6161-exec-2] c.netflix.config.ChainedDynamicProperty  : Flipping property: account-service.ribbon.ActiveConnectionsLimit to use NEXT property: niws.loadbalancer.availabilityFilteringRule.activeConnectionsLimit = 2147483647
2019-09-05 13:30:18.742  INFO 16487 --- [http-nio-6161-exec-2] c.n.l.DynamicServerListLoadBalancer      : DynamicServerListLoadBalancer for client account-service initialized: DynamicServerListLoadBalancer:{NFLoadBalancer:name=account-service,current list of Servers=[192.168.194.18:6060],Load balancer stats=Zone stats: {defaultzone=[Zone:defaultzone;	Instance count:1;	Active connections count: 0;	Circuit breaker tripped count: 0;	Active connections per server: 0.0;]
},Server stats: [[Server:192.168.194.18:6060;	Zone:defaultZone;	Total Requests:0;	Successive connection failure:0;	Total blackout seconds:0;	Last connection made:Wed Dec 31 19:00:00 COT 1969;	First connection made: Wed Dec 31 19:00:00 COT 1969;	Active Connections:0;	total failure count in last (1000) msecs:0;	average resp time:0.0;	90 percentile resp time:0.0;	95 percentile resp time:0.0;	min resp time:0.0;	max resp time:0.0;	stddev resp time:0.0]
]}ServerList:org.springframework.cloud.netflix.ribbon.eureka.DomainExtractingServerList@5e0e1e6d
2019-09-05 13:30:19.730  INFO 16487 --- [PollingServerListUpdater-0] c.netflix.config.ChainedDynamicProperty  : Flipping property: account-service.ribbon.ActiveConnectionsLimit to use NEXT property: niws.loadbalancer.availabilityFilteringRule.activeConnectionsLimit = 2147483647
2019-09-05 13:31:17.721  INFO 16487 --- [AsyncResolver-bootstrap-executor-0] c.n.d.s.r.aws.ConfigClusterResolver      : Resolving eureka endpoints via configuration
2019-09-05 13:36:17.722  INFO 16487 --- [AsyncResolver-bootstrap-executor-0] c.n.d.s.r.aws.ConfigClusterResolver      : Resolving eureka endpoints via configuration
2019-09-05 13:41:17.723  INFO 16487 --- [AsyncResolver-bootstrap-executor-0] c.n.d.s.r.aws.ConfigClusterResolver      : Resolving eureka endpoints via configuration
